<?xml version="1.0" encoding="UTF-8"?>
<!-- Generated by org.testng.reporters.JUnitReportReporter -->
<testsuite hostname="DESKTOP-MUA1UT4" failures="0" tests="1" name="testtng" time="30.287" errors="0" timestamp="2023-01-23T09:43:10 PKT" skipped="0">
  <testcase classname="testtng" name="CleanerTopTestNG" time="30.287"/>
  <system-out/>
</testsuite> <!-- testtng -->
